<?xml version="1.0" encoding="UTF-8"?>
<testsuite xmlns:xsi="http://www.w3.org/2001/XMLSchema-instance" xsi:noNamespaceSchemaLocation="https://maven.apache.org/surefire/maven-surefire-plugin/xsd/surefire-test-report-3.0.xsd" version="3.0" name="com.visualpathit.account.modelTest.UserTest" time="0.005" tests="1" errors="0" skipped="0" failures="0">
  <properties>
    <property name="java.specification.version" value="21"/>
    <property name="sun.jnu.encoding" value="UTF-8"/>
    <property name="java.class.path" value="/maven-task/taskrepo/target/test-classes:/maven-task/taskrepo/target/classes:/root/.m2/repository/org/springframework/spring-web/4.2.0.RELEASE/spring-web-4.2.0.RELEASE.jar:/root/.m2/repository/org/springframework/spring-aop/4.2.0.RELEASE/spring-aop-4.2.0.RELEASE.jar:/root/.m2/repository/org/springframework/spring-beans/4.2.0.RELEASE/spring-beans-4.2.0.RELEASE.jar:/root/.m2/repository/org/springframework/spring-context/4.2.0.RELEASE/spring-context-4.2.0.RELEASE.jar:/root/.m2/repository/org/springframework/spring-core/4.2.0.RELEASE/spring-core-4.2.0.RELEASE.jar:/root/.m2/repository/commons-logging/commons-logging/1.2/commons-logging-1.2.jar:/root/.m2/repository/org/springframework/spring-webmvc/4.2.0.RELEASE/spring-webmvc-4.2.0.RELEASE.jar:/root/.m2/repository/org/springframework/spring-expression/4.2.0.RELEASE/spring-expression-4.2.0.RELEASE.jar:/root/.m2/repository/org/springframework/security/spring-security-web/4.0.2.RELEASE/spring-security-web-4.0.2.RELEASE.jar:/root/.m2/repository/aopalliance/aopalliance/1.0/aopalliance-1.0.jar:/root/.m2/repository/org/springframework/security/spring-security-core/4.0.2.RELEASE/spring-security-core-4.0.2.RELEASE.jar:/root/.m2/repository/org/springframework/security/spring-security-config/4.0.2.RELEASE/spring-security-config-4.0.2.RELEASE.jar:/root/.m2/repository/org/hibernate/hibernate-validator/5.2.1.Final/hibernate-validator-5.2.1.Final.jar:/root/.m2/repository/javax/validation/validation-api/1.1.0.Final/validation-api-1.1.0.Final.jar:/root/.m2/repository/org/jboss/logging/jboss-logging/3.2.1.Final/jboss-logging-3.2.1.Final.jar:/root/.m2/repository/com/fasterxml/classmate/1.1.0/classmate-1.1.0.jar:/root/.m2/repository/org/springframework/data/spring-data-jpa/1.8.2.RELEASE/spring-data-jpa-1.8.2.RELEASE.jar:/root/.m2/repository/org/springframework/data/spring-data-commons/1.10.2.RELEASE/spring-data-commons-1.10.2.RELEASE.jar:/root/.m2/repository/org/springframework/spring-orm/4.0.9.RELEASE/spring-orm-4.0.9.RELEASE.jar:/root/.m2/repository/org/springframework/spring-jdbc/4.0.9.RELEASE/spring-jdbc-4.0.9.RELEASE.jar:/root/.m2/repository/org/springframework/spring-tx/4.0.9.RELEASE/spring-tx-4.0.9.RELEASE.jar:/root/.m2/repository/org/aspectj/aspectjrt/1.8.6/aspectjrt-1.8.6.jar:/root/.m2/repository/org/slf4j/slf4j-api/1.7.12/slf4j-api-1.7.12.jar:/root/.m2/repository/org/slf4j/jcl-over-slf4j/1.7.12/jcl-over-slf4j-1.7.12.jar:/root/.m2/repository/org/hibernate/hibernate-entitymanager/4.3.11.Final/hibernate-entitymanager-4.3.11.Final.jar:/root/.m2/repository/org/jboss/logging/jboss-logging-annotations/1.2.0.Beta1/jboss-logging-annotations-1.2.0.Beta1.jar:/root/.m2/repository/org/hibernate/hibernate-core/4.3.11.Final/hibernate-core-4.3.11.Final.jar:/root/.m2/repository/antlr/antlr/2.7.7/antlr-2.7.7.jar:/root/.m2/repository/org/jboss/jandex/1.1.0.Final/jandex-1.1.0.Final.jar:/root/.m2/repository/dom4j/dom4j/1.6.1/dom4j-1.6.1.jar:/root/.m2/repository/xml-apis/xml-apis/1.0.b2/xml-apis-1.0.b2.jar:/root/.m2/repository/org/hibernate/common/hibernate-commons-annotations/4.0.5.Final/hibernate-commons-annotations-4.0.5.Final.jar:/root/.m2/repository/org/hibernate/javax/persistence/hibernate-jpa-2.1-api/1.0.0.Final/hibernate-jpa-2.1-api-1.0.0.Final.jar:/root/.m2/repository/org/jboss/spec/javax/transaction/jboss-transaction-api_1.2_spec/1.0.0.Final/jboss-transaction-api_1.2_spec-1.0.0.Final.jar:/root/.m2/repository/org/javassist/javassist/3.18.1-GA/javassist-3.18.1-GA.jar:/root/.m2/repository/mysql/mysql-connector-java/5.1.36/mysql-connector-java-5.1.36.jar:/root/.m2/repository/commons-dbcp/commons-dbcp/1.4/commons-dbcp-1.4.jar:/root/.m2/repository/commons-pool/commons-pool/1.5.4/commons-pool-1.5.4.jar:/root/.m2/repository/javax/servlet/jstl/1.2/jstl-1.2.jar:/root/.m2/repository/junit/junit/4.10/junit-4.10.jar:/root/.m2/repository/org/hamcrest/hamcrest-core/1.1/hamcrest-core-1.1.jar:/root/.m2/repository/org/mockito/mockito-core/1.9.5/mockito-core-1.9.5.jar:/root/.m2/repository/org/objenesis/objenesis/1.0/objenesis-1.0.jar:/root/.m2/repository/org/springframework/spring-test/3.2.3.RELEASE/spring-test-3.2.3.RELEASE.jar:/root/.m2/repository/javax/servlet/javax.servlet-api/3.1.0/javax.servlet-api-3.1.0.jar:/root/.m2/repository/ch/qos/logback/logback-classic/1.1.3/logback-classic-1.1.3.jar:/root/.m2/repository/ch/qos/logback/logback-core/1.1.3/logback-core-1.1.3.jar:/root/.m2/repository/org/hamcrest/hamcrest-all/1.3/hamcrest-all-1.3.jar:"/>
    <property name="java.vm.vendor" value="Amazon.com Inc."/>
    <property name="sun.arch.data.model" value="64"/>
    <property name="java.vendor.url" value="https://aws.amazon.com/corretto/"/>
    <property name="os.name" value="Linux"/>
    <property name="java.vm.specification.version" value="21"/>
    <property name="sun.java.launcher" value="SUN_STANDARD"/>
    <property name="sun.boot.library.path" value="/usr/lib/jvm/java-21-amazon-corretto.x86_64/lib"/>
    <property name="sun.java.command" value="/maven-task/taskrepo/target/surefire/surefirebooter-20230926071140411_3.jar /maven-task/taskrepo/target/surefire 2023-09-26T07-11-40_183-jvmRun1 surefire-20230926071140411_1tmp surefire_0-20230926071140411_2tmp"/>
    <property name="jdk.debug" value="release"/>
    <property name="surefire.test.class.path" value="/maven-task/taskrepo/target/test-classes:/maven-task/taskrepo/target/classes:/root/.m2/repository/org/springframework/spring-web/4.2.0.RELEASE/spring-web-4.2.0.RELEASE.jar:/root/.m2/repository/org/springframework/spring-aop/4.2.0.RELEASE/spring-aop-4.2.0.RELEASE.jar:/root/.m2/repository/org/springframework/spring-beans/4.2.0.RELEASE/spring-beans-4.2.0.RELEASE.jar:/root/.m2/repository/org/springframework/spring-context/4.2.0.RELEASE/spring-context-4.2.0.RELEASE.jar:/root/.m2/repository/org/springframework/spring-core/4.2.0.RELEASE/spring-core-4.2.0.RELEASE.jar:/root/.m2/repository/commons-logging/commons-logging/1.2/commons-logging-1.2.jar:/root/.m2/repository/org/springframework/spring-webmvc/4.2.0.RELEASE/spring-webmvc-4.2.0.RELEASE.jar:/root/.m2/repository/org/springframework/spring-expression/4.2.0.RELEASE/spring-expression-4.2.0.RELEASE.jar:/root/.m2/repository/org/springframework/security/spring-security-web/4.0.2.RELEASE/spring-security-web-4.0.2.RELEASE.jar:/root/.m2/repository/aopalliance/aopalliance/1.0/aopalliance-1.0.jar:/root/.m2/repository/org/springframework/security/spring-security-core/4.0.2.RELEASE/spring-security-core-4.0.2.RELEASE.jar:/root/.m2/repository/org/springframework/security/spring-security-config/4.0.2.RELEASE/spring-security-config-4.0.2.RELEASE.jar:/root/.m2/repository/org/hibernate/hibernate-validator/5.2.1.Final/hibernate-validator-5.2.1.Final.jar:/root/.m2/repository/javax/validation/validation-api/1.1.0.Final/validation-api-1.1.0.Final.jar:/root/.m2/repository/org/jboss/logging/jboss-logging/3.2.1.Final/jboss-logging-3.2.1.Final.jar:/root/.m2/repository/com/fasterxml/classmate/1.1.0/classmate-1.1.0.jar:/root/.m2/repository/org/springframework/data/spring-data-jpa/1.8.2.RELEASE/spring-data-jpa-1.8.2.RELEASE.jar:/root/.m2/repository/org/springframework/data/spring-data-commons/1.10.2.RELEASE/spring-data-commons-1.10.2.RELEASE.jar:/root/.m2/repository/org/springframework/spring-orm/4.0.9.RELEASE/spring-orm-4.0.9.RELEASE.jar:/root/.m2/repository/org/springframework/spring-jdbc/4.0.9.RELEASE/spring-jdbc-4.0.9.RELEASE.jar:/root/.m2/repository/org/springframework/spring-tx/4.0.9.RELEASE/spring-tx-4.0.9.RELEASE.jar:/root/.m2/repository/org/aspectj/aspectjrt/1.8.6/aspectjrt-1.8.6.jar:/root/.m2/repository/org/slf4j/slf4j-api/1.7.12/slf4j-api-1.7.12.jar:/root/.m2/repository/org/slf4j/jcl-over-slf4j/1.7.12/jcl-over-slf4j-1.7.12.jar:/root/.m2/repository/org/hibernate/hibernate-entitymanager/4.3.11.Final/hibernate-entitymanager-4.3.11.Final.jar:/root/.m2/repository/org/jboss/logging/jboss-logging-annotations/1.2.0.Beta1/jboss-logging-annotations-1.2.0.Beta1.jar:/root/.m2/repository/org/hibernate/hibernate-core/4.3.11.Final/hibernate-core-4.3.11.Final.jar:/root/.m2/repository/antlr/antlr/2.7.7/antlr-2.7.7.jar:/root/.m2/repository/org/jboss/jandex/1.1.0.Final/jandex-1.1.0.Final.jar:/root/.m2/repository/dom4j/dom4j/1.6.1/dom4j-1.6.1.jar:/root/.m2/repository/xml-apis/xml-apis/1.0.b2/xml-apis-1.0.b2.jar:/root/.m2/repository/org/hibernate/common/hibernate-commons-annotations/4.0.5.Final/hibernate-commons-annotations-4.0.5.Final.jar:/root/.m2/repository/org/hibernate/javax/persistence/hibernate-jpa-2.1-api/1.0.0.Final/hibernate-jpa-2.1-api-1.0.0.Final.jar:/root/.m2/repository/org/jboss/spec/javax/transaction/jboss-transaction-api_1.2_spec/1.0.0.Final/jboss-transaction-api_1.2_spec-1.0.0.Final.jar:/root/.m2/repository/org/javassist/javassist/3.18.1-GA/javassist-3.18.1-GA.jar:/root/.m2/repository/mysql/mysql-connector-java/5.1.36/mysql-connector-java-5.1.36.jar:/root/.m2/repository/commons-dbcp/commons-dbcp/1.4/commons-dbcp-1.4.jar:/root/.m2/repository/commons-pool/commons-pool/1.5.4/commons-pool-1.5.4.jar:/root/.m2/repository/javax/servlet/jstl/1.2/jstl-1.2.jar:/root/.m2/repository/junit/junit/4.10/junit-4.10.jar:/root/.m2/repository/org/hamcrest/hamcrest-core/1.1/hamcrest-core-1.1.jar:/root/.m2/repository/org/mockito/mockito-core/1.9.5/mockito-core-1.9.5.jar:/root/.m2/repository/org/objenesis/objenesis/1.0/objenesis-1.0.jar:/root/.m2/repository/org/springframework/spring-test/3.2.3.RELEASE/spring-test-3.2.3.RELEASE.jar:/root/.m2/repository/javax/servlet/javax.servlet-api/3.1.0/javax.servlet-api-3.1.0.jar:/root/.m2/repository/ch/qos/logback/logback-classic/1.1.3/logback-classic-1.1.3.jar:/root/.m2/repository/ch/qos/logback/logback-core/1.1.3/logback-core-1.1.3.jar:/root/.m2/repository/org/hamcrest/hamcrest-all/1.3/hamcrest-all-1.3.jar:"/>
    <property name="sun.cpu.endian" value="little"/>
    <property name="user.home" value="/root"/>
    <property name="user.language" value="en"/>
    <property name="java.specification.vendor" value="Oracle Corporation"/>
    <property name="java.version.date" value="2023-09-19"/>
    <property name="java.home" value="/usr/lib/jvm/java-21-amazon-corretto.x86_64"/>
    <property name="file.separator" value="/"/>
    <property name="basedir" value="/maven-task/taskrepo"/>
    <property name="java.vm.compressedOopsMode" value="32-bit"/>
    <property name="line.separator" value="&#10;"/>
    <property name="java.specification.name" value="Java Platform API Specification"/>
    <property name="java.vm.specification.vendor" value="Oracle Corporation"/>
    <property name="surefire.real.class.path" value="/maven-task/taskrepo/target/surefire/surefirebooter-20230926071140411_3.jar"/>
    <property name="sun.management.compiler" value="HotSpot 64-Bit Tiered Compilers"/>
    <property name="java.runtime.version" value="21+35-LTS"/>
    <property name="user.name" value="root"/>
    <property name="stdout.encoding" value="UTF-8"/>
    <property name="path.separator" value=":"/>
    <property name="os.version" value="6.1.52-71.125.amzn2023.x86_64"/>
    <property name="java.runtime.name" value="OpenJDK Runtime Environment"/>
    <property name="file.encoding" value="UTF-8"/>
    <property name="java.vm.name" value="OpenJDK 64-Bit Server VM"/>
    <property name="java.vendor.version" value="Corretto-21.0.0.35.1"/>
    <property name="localRepository" value="/root/.m2/repository"/>
    <property name="java.vendor.url.bug" value="https://github.com/corretto/corretto-21/issues/"/>
    <property name="java.io.tmpdir" value="/tmp"/>
    <property name="java.version" value="21"/>
    <property name="user.dir" value="/maven-task/taskrepo"/>
    <property name="os.arch" value="amd64"/>
    <property name="java.vm.specification.name" value="Java Virtual Machine Specification"/>
    <property name="native.encoding" value="UTF-8"/>
    <property name="java.library.path" value="/usr/java/packages/lib:/usr/lib64:/lib64:/lib:/usr/lib"/>
    <property name="java.vm.info" value="mixed mode, sharing"/>
    <property name="stderr.encoding" value="UTF-8"/>
    <property name="java.vendor" value="Amazon.com Inc."/>
    <property name="java.vm.version" value="21+35-LTS"/>
    <property name="sun.io.unicode.encoding" value="UnicodeLittle"/>
    <property name="java.class.version" value="65.0"/>
  </properties>
  <testcase name="testUserDetailsHappyFlow" classname="com.visualpathit.account.modelTest.UserTest" time="0.001">
    <system-out><![CDATA[Test Completed
]]></system-out>
  </testcase>
</testsuite>